<?xml version="1.0" encoding="UTF-8"?>
<!-- Generated by org.testng.reporters.JUnitReportReporter -->
<testsuite skipped="0" hostname="DESKTOP-EM3OVKO" name="RA_WithBDD.GetRequestWithBodyAndContentType" tests="1" failures="0" timestamp="29 Sep 2022 10:00:37 GMT" time="3.114" errors="0">
  <testcase name="postAJsonBody" time="3.114" classname="RA_WithBDD.GetRequestWithBodyAndContentType"/>
</testsuite> <!-- RA_WithBDD.GetRequestWithBodyAndContentType -->
