<?xml version="1.0" encoding="UTF-8"?>
<!-- Generated by org.testng.reporters.JUnitReportReporter -->
<testsuite skipped="0" hostname="DESKTOP-EM3OVKO" name="RA_WithoutBDD.PostProduct" tests="1" failures="0" timestamp="04 Oct 2022 07:40:44 GMT" time="3.240" errors="0">
  <testcase name="createProduct" time="3.240" classname="RA_WithoutBDD.PostProduct"/>
</testsuite> <!-- RA_WithoutBDD.PostProduct -->
