<?xml version="1.0" encoding="UTF-8"?>
<!-- Generated by org.testng.reporters.JUnitReportReporter -->
<testsuite skipped="0" hostname="DESKTOP-EM3OVKO" name="APITestcases.PostMethodProjectNamegivenIntvalueInBody" tests="1" failures="0" timestamp="29 Sep 2022 09:42:11 GMT" time="3.149" errors="0">
  <testcase name="passWithoutCreatedBy" time="3.149" classname="APITestcases.PostMethodProjectNamegivenIntvalueInBody"/>
</testsuite> <!-- APITestcases.PostMethodProjectNamegivenIntvalueInBody -->
