<?xml version="1.0" encoding="UTF-8"?>
<!-- Generated by org.testng.reporters.JUnitReportReporter -->
<testsuite skipped="0" hostname="DESKTOP-EM3OVKO" name="APITestcases.PutRequestWithEmptyBody" tests="1" failures="0" timestamp="29 Sep 2022 11:06:40 GMT" time="2.958" errors="0">
  <testcase name="completeUpdateProject" time="2.958" classname="APITestcases.PutRequestWithEmptyBody"/>
</testsuite> <!-- APITestcases.PutRequestWithEmptyBody -->
