<?xml version="1.0" encoding="UTF-8"?>
<!-- Generated by org.testng.reporters.JUnitReportReporter -->
<testsuite skipped="0" hostname="DESKTOP-EM3OVKO" name="RA_WithoutBDD.UpdateProduct" tests="1" failures="0" timestamp="28 Sep 2022 11:13:51 GMT" time="3.059" errors="0">
  <testcase name="completeUpdate" time="3.059" classname="RA_WithoutBDD.UpdateProduct"/>
</testsuite> <!-- RA_WithoutBDD.UpdateProduct -->
