<?xml version="1.0" encoding="UTF-8"?>
<!-- Generated by org.testng.reporters.JUnitReportReporter -->
<testsuite skipped="0" hostname="DESKTOP-EM3OVKO" name="RA_WithBDD.GetRequestWithContentType" tests="1" failures="0" timestamp="29 Sep 2022 10:03:58 GMT" time="2.929" errors="0">
  <testcase name="postAJsonBody" time="2.929" classname="RA_WithBDD.GetRequestWithContentType"/>
</testsuite> <!-- RA_WithBDD.GetRequestWithContentType -->
