<?xml version="1.0" encoding="UTF-8"?>
<!-- Generated by org.testng.reporters.JUnitReportReporter -->
<testsuite skipped="0" hostname="DESKTOP-EM3OVKO" name="Mock.GetBookingWithFirstname" tests="1" failures="0" timestamp="09 Dec 2022 10:10:27 GMT" time="4.549" errors="0">
  <testcase name="getbookingWithFirstNameTest" time="4.549" classname="Mock.GetBookingWithFirstname"/>
</testsuite> <!-- Mock.GetBookingWithFirstname -->
