<?xml version="1.0" encoding="UTF-8"?>
<!-- Generated by org.testng.reporters.JUnitReportReporter -->
<testsuite skipped="0" hostname="DESKTOP-EM3OVKO" name="APITestcases.GetRequestwithWrongEndPoint" tests="1" failures="0" timestamp="29 Sep 2022 10:29:04 GMT" time="2.870" errors="0">
  <testcase name="fetchAllTheprojects" time="2.870" classname="APITestcases.GetRequestwithWrongEndPoint"/>
</testsuite> <!-- APITestcases.GetRequestwithWrongEndPoint -->
