<?xml version="1.0" encoding="UTF-8"?>
<!-- Generated by org.testng.reporters.JUnitReportReporter -->
<testsuite skipped="0" hostname="DESKTOP-EM3OVKO" name="APITestcases.PostARequestWithOutBaseUrl" tests="1" failures="0" timestamp="29 Sep 2022 10:36:02 GMT" time="3.055" errors="0">
  <testcase name="withoutUrl" time="3.055" classname="APITestcases.PostARequestWithOutBaseUrl"/>
</testsuite> <!-- APITestcases.PostARequestWithOutBaseUrl -->
