<?xml version="1.0" encoding="UTF-8"?>
<!-- Generated by org.testng.reporters.JUnitReportReporter -->
<testsuite skipped="0" hostname="DESKTOP-EM3OVKO" name="EndToEndAPITestcase.PutAPIDeleteInDBVerifyInGUI" tests="1" failures="0" timestamp="12 Oct 2022 18:26:10 GMT" time="9.088" errors="0">
  <testcase name="updateProject" time="9.088" classname="EndToEndAPITestcase.PutAPIDeleteInDBVerifyInGUI"/>
</testsuite> <!-- EndToEndAPITestcase.PutAPIDeleteInDBVerifyInGUI -->
