<?xml version="1.0" encoding="UTF-8"?>
<!-- Generated by org.testng.reporters.JUnitReportReporter -->
<testsuite skipped="0" hostname="DESKTOP-EM3OVKO" name="EndToEndTestingAPI.CreateProjectInGUIandDeleteInAPIandCheckInDatabase" tests="1" failures="0" timestamp="03 Oct 2022 14:52:04 GMT" time="13.636" errors="0">
  <testcase name="createProjectDeleteProjectAndValidate" time="13.636" classname="EndToEndTestingAPI.CreateProjectInGUIandDeleteInAPIandCheckInDatabase"/>
</testsuite> <!-- EndToEndTestingAPI.CreateProjectInGUIandDeleteInAPIandCheckInDatabase -->
