<?xml version="1.0" encoding="UTF-8"?>
<!-- Generated by org.testng.reporters.JUnitReportReporter -->
<testsuite skipped="0" hostname="DESKTOP-EM3OVKO" name="RA_WithBDD.GetAllProject" tests="1" failures="0" timestamp="29 Sep 2022 12:00:28 GMT" time="2.771" errors="0">
  <testcase name="fetchAllTheprojects" time="2.771" classname="RA_WithBDD.GetAllProject"/>
</testsuite> <!-- RA_WithBDD.GetAllProject -->
