<?xml version="1.0" encoding="UTF-8"?>
<!-- Generated by org.testng.reporters.JUnitReportReporter -->
<testsuite skipped="0" hostname="DESKTOP-EM3OVKO" name="EndToEndAPITestcase.CreateDeleteInDataBase" tests="1" failures="0" timestamp="12 Oct 2022 17:34:53 GMT" time="10.063" errors="0">
  <testcase name="deleteId" time="10.063" classname="EndToEndAPITestcase.CreateDeleteInDataBase"/>
</testsuite> <!-- EndToEndAPITestcase.CreateDeleteInDataBase -->
