<?xml version="1.0" encoding="UTF-8"?>
<!-- Generated by org.testng.reporters.JUnitReportReporter -->
<testsuite skipped="0" hostname="DESKTOP-EM3OVKO" name="APITestcases.PutRequestJsonBodywithHtmlContentType" tests="1" failures="0" timestamp="29 Sep 2022 11:36:46 GMT" time="2.898" errors="0">
  <testcase name="passHtmlContentType" time="2.898" classname="APITestcases.PutRequestJsonBodywithHtmlContentType"/>
</testsuite> <!-- APITestcases.PutRequestJsonBodywithHtmlContentType -->
