<?xml version="1.0" encoding="UTF-8"?>
<!-- Generated by org.testng.reporters.JUnitReportReporter -->
<testsuite skipped="0" hostname="DESKTOP-EM3OVKO" name="Athentication.BerearTokenTest" tests="1" failures="0" timestamp="07 Oct 2022 10:13:04 GMT" time="7.968" errors="0">
  <testcase name="Authentication" time="7.968" classname="Athentication.BerearTokenTest"/>
</testsuite> <!-- Athentication.BerearTokenTest -->
