<?xml version="1.0" encoding="UTF-8"?>
<!-- Generated by org.testng.reporters.JUnitReportReporter -->
<testsuite skipped="0" hostname="DESKTOP-EM3OVKO" name="Mock.GetBookingWithId" tests="1" failures="0" timestamp="09 Dec 2022 10:31:39 GMT" time="4.861" errors="0">
  <testcase name="getBookingWithId" time="4.861" classname="Mock.GetBookingWithId"/>
</testsuite> <!-- Mock.GetBookingWithId -->
