<?xml version="1.0" encoding="UTF-8"?>
<!-- Generated by org.testng.reporters.JUnitReportReporter -->
<testsuite skipped="0" hostname="DESKTOP-EM3OVKO" name="validationTest.ResponseTimeValidation" tests="1" failures="0" timestamp="04 Oct 2022 07:06:49 GMT" time="2.768" errors="0">
  <testcase name="ValrespTime" time="2.768" classname="validationTest.ResponseTimeValidation"/>
</testsuite> <!-- validationTest.ResponseTimeValidation -->
