<?xml version="1.0" encoding="UTF-8"?>
<!-- Generated by org.testng.reporters.JUnitReportReporter -->
<testsuite skipped="0" hostname="DESKTOP-EM3OVKO" name="DifferentWaysToPostRequest.PostRequestUsingPojoTest" tests="1" failures="0" timestamp="30 Sep 2022 09:45:34 GMT" time="5.346" errors="0">
  <testcase name="postRequestUsingPojoTest" time="5.346" classname="DifferentWaysToPostRequest.PostRequestUsingPojoTest"/>
</testsuite> <!-- DifferentWaysToPostRequest.PostRequestUsingPojoTest -->
