<?xml version="1.0" encoding="UTF-8"?>
<!-- Generated by org.testng.reporters.JUnitReportReporter -->
<testsuite skipped="0" hostname="DESKTOP-EM3OVKO" name="APITestcases.PostMethodCreatedBygivenIntvalueInBody" tests="1" failures="0" timestamp="29 Sep 2022 09:41:13 GMT" time="3.183" errors="0">
  <testcase name="passWithoutCreatedBy" time="3.183" classname="APITestcases.PostMethodCreatedBygivenIntvalueInBody"/>
</testsuite> <!-- APITestcases.PostMethodCreatedBygivenIntvalueInBody -->
