<?xml version="1.0" encoding="UTF-8"?>
<!-- Generated by org.testng.reporters.JUnitReportReporter -->
<testsuite skipped="0" hostname="DESKTOP-EM3OVKO" name="validationTest.HeaderValidationTest" tests="1" failures="0" timestamp="16 Nov 2022 11:53:16 GMT" time="3.353" errors="0">
  <testcase name="headerValidationTest" time="3.353" classname="validationTest.HeaderValidationTest"/>
</testsuite> <!-- validationTest.HeaderValidationTest -->
