<?xml version="1.0" encoding="UTF-8"?>
<!-- Generated by org.testng.reporters.JUnitReportReporter -->
<testsuite skipped="7" hostname="DESKTOP-EM3OVKO" name="practicePetStore.PetModelInPetstoreTest" tests="8" failures="0" timestamp="27 Oct 2022 12:13:36 GMT" time="6.080" errors="0">
  <testcase name="uploadOnImagePet" time="6.080" classname="practicePetStore.PetModelInPetstoreTest"/>
  <testcase name="addNewPetInStore" classname="practicePetStore.PetModelInPetstoreTest">
    <skipped/>
  </testcase> <!-- addNewPetInStore -->
  <testcase name="findByPetId" classname="practicePetStore.PetModelInPetstoreTest">
    <skipped/>
  </testcase> <!-- findByPetId -->
  <testcase name="findPetByStatus" classname="practicePetStore.PetModelInPetstoreTest">
    <skipped/>
  </testcase> <!-- findPetByStatus -->
  <testcase name="findPetByTags" classname="practicePetStore.PetModelInPetstoreTest">
    <skipped/>
  </testcase> <!-- findPetByTags -->
  <testcase name="updatePetUsingFormData" classname="practicePetStore.PetModelInPetstoreTest">
    <skipped/>
  </testcase> <!-- updatePetUsingFormData -->
  <testcase name="updateExistingData" classname="practicePetStore.PetModelInPetstoreTest">
    <skipped/>
  </testcase> <!-- updateExistingData -->
  <testcase name="deleteAPet" classname="practicePetStore.PetModelInPetstoreTest">
    <skipped/>
  </testcase> <!-- deleteAPet -->
</testsuite> <!-- practicePetStore.PetModelInPetstoreTest -->
