<?xml version="1.0" encoding="UTF-8"?>
<!-- Generated by org.testng.reporters.JUnitReportReporter -->
<testsuite skipped="0" hostname="DESKTOP-EM3OVKO" name="validationTest.GetAllProjectStaticValTest" tests="1" failures="0" timestamp="16 Nov 2022 11:52:59 GMT" time="4.269" errors="0">
  <testcase name="getAllProjectsTest" time="4.269" classname="validationTest.GetAllProjectStaticValTest"/>
</testsuite> <!-- validationTest.GetAllProjectStaticValTest -->
