<?xml version="1.0" encoding="UTF-8"?>
<!-- Generated by org.testng.reporters.JUnitReportReporter -->
<testsuite skipped="0" hostname="DESKTOP-EM3OVKO" name="validationTest.BodyValidationTest" tests="1" failures="0" timestamp="16 Nov 2022 11:50:09 GMT" time="2.809" errors="0">
  <testcase name="bodyValidationTest" time="2.809" classname="validationTest.BodyValidationTest"/>
</testsuite> <!-- validationTest.BodyValidationTest -->
