<?xml version="1.0" encoding="UTF-8"?>
<!-- Generated by org.testng.reporters.JUnitReportReporter -->
<testsuite skipped="0" hostname="DESKTOP-EM3OVKO" name="APITestcases.PostMethodWithoutBody" tests="1" failures="0" timestamp="29 Sep 2022 07:22:37 GMT" time="2.611" errors="0">
  <testcase name="postMethodWithOutHavingBody" time="2.611" classname="APITestcases.PostMethodWithoutBody"/>
</testsuite> <!-- APITestcases.PostMethodWithoutBody -->
