<?xml version="1.0" encoding="UTF-8"?>
<!-- Generated by org.testng.reporters.JUnitReportReporter -->
<testsuite skipped="0" hostname="DESKTOP-EM3OVKO" name="EndToEndTestingAPI.CreateProjectAndCheckInGuiAndDatabaseTest" tests="1" failures="0" timestamp="17 Nov 2022 09:51:42 GMT" time="16.304" errors="0">
  <testcase name="createProjectTest" time="16.304" classname="EndToEndTestingAPI.CreateProjectAndCheckInGuiAndDatabaseTest"/>
</testsuite> <!-- EndToEndTestingAPI.CreateProjectAndCheckInGuiAndDatabaseTest -->
