<?xml version="1.0" encoding="UTF-8"?>
<!-- Generated by org.testng.reporters.JUnitReportReporter -->
<testsuite skipped="0" hostname="DESKTOP-EM3OVKO" name="RA_WithoutBDD.Deleteproject" tests="1" failures="0" timestamp="28 Sep 2022 07:52:14 GMT" time="2.520" errors="0">
  <testcase name="removeProject" time="2.520" classname="RA_WithoutBDD.Deleteproject"/>
</testsuite> <!-- RA_WithoutBDD.Deleteproject -->
