<?xml version="1.0" encoding="UTF-8"?>
<!-- Generated by org.testng.reporters.JUnitReportReporter -->
<testsuite skipped="0" hostname="DESKTOP-EM3OVKO" name="Mock.GetBooking" tests="1" failures="0" timestamp="09 Dec 2022 09:47:57 GMT" time="5.604" errors="0">
  <testcase name="getBookingTest" time="5.604" classname="Mock.GetBooking"/>
</testsuite> <!-- Mock.GetBooking -->
