<?xml version="1.0" encoding="UTF-8"?>
<!-- Generated by org.testng.reporters.JUnitReportReporter -->
<testsuite skipped="0" hostname="DESKTOP-EM3OVKO" name="EndToEndAPITestcase.CreateInGUIUpdateWithFileVerifyInDB" tests="1" failures="0" timestamp="12 Oct 2022 17:13:48 GMT" time="45.134" errors="0">
  <testcase name="createProjectInGUI" time="45.134" classname="EndToEndAPITestcase.CreateInGUIUpdateWithFileVerifyInDB"/>
</testsuite> <!-- EndToEndAPITestcase.CreateInGUIUpdateWithFileVerifyInDB -->
