<?xml version="1.0" encoding="UTF-8"?>
<!-- Generated by org.testng.reporters.JUnitReportReporter -->
<testsuite skipped="0" hostname="DESKTOP-EM3OVKO" name="Athentication.BasicAuthTest" tests="1" failures="0" timestamp="07 Oct 2022 10:07:18 GMT" time="2.978" errors="0">
  <testcase name="athentication" time="2.978" classname="Athentication.BasicAuthTest"/>
</testsuite> <!-- Athentication.BasicAuthTest -->
