<?xml version="1.0" encoding="UTF-8"?>
<!-- Generated by org.testng.reporters.JUnitReportReporter -->
<testsuite skipped="0" hostname="DESKTOP-EM3OVKO" name="datadDrivenTestingWithDataprovider.AddProjectUsingDataProviderTest" tests="2" failures="0" timestamp="04 Oct 2022 07:02:51 GMT" time="3.160" errors="0">
  <testcase name="addProjectTest" time="3.066" classname="datadDrivenTestingWithDataprovider.AddProjectUsingDataProviderTest"/>
  <testcase name="addProjectTest" time="0.094" classname="datadDrivenTestingWithDataprovider.AddProjectUsingDataProviderTest"/>
</testsuite> <!-- datadDrivenTestingWithDataprovider.AddProjectUsingDataProviderTest -->
