<?xml version="1.0" encoding="UTF-8"?>
<!-- Generated by org.testng.reporters.JUnitReportReporter -->
<testsuite skipped="0" hostname="DESKTOP-EM3OVKO" name="RA_WithoutBDD.GetAllProjects" tests="1" failures="0" timestamp="28 Sep 2022 07:51:55 GMT" time="2.712" errors="0">
  <testcase name="fetchAllProjects" time="2.712" classname="RA_WithoutBDD.GetAllProjects"/>
</testsuite> <!-- RA_WithoutBDD.GetAllProjects -->
