<?xml version="1.0" encoding="UTF-8"?>
<!-- Generated by org.testng.reporters.JUnitReportReporter -->
<testsuite skipped="0" hostname="DESKTOP-EM3OVKO" name="APITestcases.asdfgh" tests="1" failures="0" timestamp="29 Sep 2022 07:56:15 GMT" time="3.020" errors="0">
  <testcase name="passWithoutTeamSize" time="3.020" classname="APITestcases.asdfgh"/>
</testsuite> <!-- APITestcases.asdfgh -->
