<?xml version="1.0" encoding="UTF-8"?>
<!-- Generated by org.testng.reporters.JUnitReportReporter -->
<testsuite skipped="0" hostname="DESKTOP-EM3OVKO" name="Mock.GetBookingWithName" tests="1" failures="0" timestamp="09 Dec 2022 10:24:23 GMT" time="5.409" errors="0">
  <testcase name="getbookingWithFirstNameTest" time="5.409" classname="Mock.GetBookingWithName"/>
</testsuite> <!-- Mock.GetBookingWithName -->
