<?xml version="1.0" encoding="UTF-8"?>
<!-- Generated by org.testng.reporters.JUnitReportReporter -->
<testsuite skipped="0" hostname="DESKTOP-EM3OVKO" name="RA_WithBDD.UpdateProject" tests="1" failures="0" timestamp="07 Oct 2022 07:16:25 GMT" time="3.241" errors="0">
  <testcase name="completeUpdateProject" time="3.241" classname="RA_WithBDD.UpdateProject"/>
</testsuite> <!-- RA_WithBDD.UpdateProject -->
