<?xml version="1.0" encoding="UTF-8"?>
<!-- Generated by org.testng.reporters.JUnitReportReporter -->
<testsuite skipped="7" hostname="DESKTOP-EM3OVKO" name="practice.PetModelInPetstoreTest" tests="8" failures="0" timestamp="19 Oct 2022 19:11:20 GMT" time="6.932" errors="0">
  <testcase name="findPetByStatus" time="6.932" classname="practice.PetModelInPetstoreTest"/>
  <testcase name="addNewPetInStore" classname="practice.PetModelInPetstoreTest">
    <skipped/>
  </testcase> <!-- addNewPetInStore -->
  <testcase name="findByPetId" classname="practice.PetModelInPetstoreTest">
    <skipped/>
  </testcase> <!-- findByPetId -->
  <testcase name="deleteAPet" classname="practice.PetModelInPetstoreTest">
    <skipped/>
  </testcase> <!-- deleteAPet -->
  <testcase name="findPetByTags" classname="practice.PetModelInPetstoreTest">
    <skipped/>
  </testcase> <!-- findPetByTags -->
  <testcase name="updatePetUsingFormData" classname="practice.PetModelInPetstoreTest">
    <skipped/>
  </testcase> <!-- updatePetUsingFormData -->
  <testcase name="uploadOnImagePet" classname="practice.PetModelInPetstoreTest">
    <skipped/>
  </testcase> <!-- uploadOnImagePet -->
  <testcase name="updateExistingData" classname="practice.PetModelInPetstoreTest">
    <skipped/>
  </testcase> <!-- updateExistingData -->
</testsuite> <!-- practice.PetModelInPetstoreTest -->
