<?xml version="1.0" encoding="UTF-8"?>
<!-- Generated by org.testng.reporters.JUnitReportReporter -->
<testsuite skipped="0" hostname="DESKTOP-EM3OVKO" name="RA_WithBDD.PostARequest" tests="1" failures="0" timestamp="29 Sep 2022 09:53:47 GMT" time="2.985" errors="0">
  <testcase name="postAJsonBody" time="2.985" classname="RA_WithBDD.PostARequest"/>
</testsuite> <!-- RA_WithBDD.PostARequest -->
