<?xml version="1.0" encoding="UTF-8"?>
<!-- Generated by org.testng.reporters.JUnitReportReporter -->
<testsuite skipped="0" hostname="DESKTOP-EM3OVKO" name="RA_WithBDD.GetSingleProjectWithProjectID" tests="1" failures="0" timestamp="29 Sep 2022 07:06:12 GMT" time="2.710" errors="0">
  <testcase name="getSingleProject" time="2.710" classname="RA_WithBDD.GetSingleProjectWithProjectID"/>
</testsuite> <!-- RA_WithBDD.GetSingleProjectWithProjectID -->
