<?xml version="1.0" encoding="UTF-8"?>
<!-- Generated by org.testng.reporters.JUnitReportReporter -->
<testsuite skipped="7" hostname="DESKTOP-EM3OVKO" name="practice.postCreate" tests="8" failures="0" timestamp="19 Oct 2022 16:34:04 GMT" time="5.368" errors="0">
  <testcase name="createWithArray" time="5.368" classname="practice.postCreate"/>
  <testcase name="deleteuser" classname="practice.postCreate">
    <skipped/>
  </testcase> <!-- deleteuser -->
  <testcase name="ApiPetStore" classname="practice.postCreate">
    <skipped/>
  </testcase> <!-- ApiPetStore -->
  <testcase name="updateUser" classname="practice.postCreate">
    <skipped/>
  </testcase> <!-- updateUser -->
  <testcase name="createListOfUser" classname="practice.postCreate">
    <skipped/>
  </testcase> <!-- createListOfUser -->
  <testcase name="logoutUser" classname="practice.postCreate">
    <skipped/>
  </testcase> <!-- logoutUser -->
  <testcase name="loginUser" classname="practice.postCreate">
    <skipped/>
  </testcase> <!-- loginUser -->
  <testcase name="getUser" classname="practice.postCreate">
    <skipped/>
  </testcase> <!-- getUser -->
</testsuite> <!-- practice.postCreate -->
