<?xml version="1.0" encoding="UTF-8"?>
<!-- Generated by org.testng.reporters.JUnitReportReporter -->
<testsuite skipped="3" hostname="DESKTOP-EM3OVKO" name="practice.StoreModelInPetstoreTest" tests="4" failures="0" timestamp="19 Oct 2022 17:08:30 GMT" time="4.539" errors="0">
  <testcase name="returnPetInventoryStatus" time="4.539" classname="practice.StoreModelInPetstoreTest"/>
  <testcase name="placeOrderForPet" classname="practice.StoreModelInPetstoreTest">
    <skipped/>
  </testcase> <!-- placeOrderForPet -->
  <testcase name="deletePuchaseOrder" classname="practice.StoreModelInPetstoreTest">
    <skipped/>
  </testcase> <!-- deletePuchaseOrder -->
  <testcase name="getUsingOrderId" classname="practice.StoreModelInPetstoreTest">
    <skipped/>
  </testcase> <!-- getUsingOrderId -->
</testsuite> <!-- practice.StoreModelInPetstoreTest -->
