<?xml version="1.0" encoding="UTF-8"?>
<!-- Generated by org.testng.reporters.JUnitReportReporter -->
<testsuite skipped="0" hostname="DESKTOP-EM3OVKO" name="EndToEndAPITestcase.FetchNullProjectnameIdfromGuiDeleteIndatabaseChechInApiTest" tests="1" failures="0" timestamp="12 Oct 2022 17:59:40 GMT" time="6.099" errors="0">
  <testcase name="FetchNullProjectnameIdfromDatabaseDeleteInGUIChechInApitest" time="6.099" classname="EndToEndAPITestcase.FetchNullProjectnameIdfromGuiDeleteIndatabaseChechInApiTest"/>
</testsuite> <!-- EndToEndAPITestcase.FetchNullProjectnameIdfromGuiDeleteIndatabaseChechInApiTest -->
