<?xml version="1.0" encoding="UTF-8"?>
<!-- Generated by org.testng.reporters.JUnitReportReporter -->
<testsuite skipped="0" hostname="DESKTOP-EM3OVKO" name="APITestcases.zxcv" tests="1" failures="0" timestamp="29 Sep 2022 08:04:59 GMT" time="3.016" errors="0">
  <testcase name="passWithoutCreatedBy" time="3.016" classname="APITestcases.zxcv"/>
</testsuite> <!-- APITestcases.zxcv -->
